[2025-05-09 15:39:33,955][__main__][INFO] - Main program initiated
[2025-05-09 15:39:33,955][__main__][INFO] - The number of ML methods being parallelized is 9
[2025-05-09 15:39:33,955][__main__][INFO] - Chosen backend for quantum algorithms is: simulator
[2025-05-09 15:39:34,005][__main__][INFO] - Started processing data set ld_data-1.csv
[2025-05-09 15:39:34,006][__main__][INFO] - Begin processing iteration (split) 1 of 3
[2025-05-09 15:39:34,007][__main__][INFO] - Feature reduction (embedding) applied with pca
[2025-05-09 15:40:20,995][__main__][INFO] - Feature reduction (embedding) applied with nmf
[2025-05-09 15:40:55,485][__main__][INFO] - No feature reduction (embedding) applied in this iteration
[2025-05-09 15:43:30,537][__main__][INFO] - The run time for iteration (split) 1 is: 236.53180289268494
[2025-05-09 15:43:30,538][__main__][INFO] - Begin processing iteration (split) 2 of 3
[2025-05-09 15:43:30,539][__main__][INFO] - Feature reduction (embedding) applied with pca
[2025-05-09 15:44:07,518][__main__][INFO] - Feature reduction (embedding) applied with nmf
[2025-05-09 15:44:45,376][__main__][INFO] - No feature reduction (embedding) applied in this iteration
[2025-05-09 15:47:18,668][__main__][INFO] - The run time for iteration (split) 2 is: 228.13020491600037
[2025-05-09 15:47:18,670][__main__][INFO] - Begin processing iteration (split) 3 of 3
[2025-05-09 15:47:18,671][__main__][INFO] - Feature reduction (embedding) applied with pca
[2025-05-09 15:47:56,160][__main__][INFO] - Feature reduction (embedding) applied with nmf
[2025-05-09 15:48:37,516][__main__][INFO] - No feature reduction (embedding) applied in this iteration
[2025-05-09 15:51:09,951][__main__][INFO] - The run time for iteration (split) 3 is: 231.28247618675232
[2025-05-09 15:51:09,951][__main__][INFO] - The total run time for data set ld_data-1.csv is: 
695.9950668811798
[2025-05-09 15:51:09,951][__main__][INFO] - Program has processed 1 out of 3 data sets
[2025-05-09 15:51:09,951][__main__][INFO] - Program has 2 data sets left to process
[2025-05-09 15:51:10,001][__main__][INFO] - Started processing data set spheres_data-1.csv
[2025-05-09 15:51:10,003][__main__][INFO] - Begin processing iteration (split) 1 of 3
[2025-05-09 15:51:10,003][__main__][INFO] - Feature reduction (embedding) applied with pca
[2025-05-09 15:52:51,974][__main__][INFO] - Feature reduction (embedding) applied with nmf
[2025-05-09 15:54:33,420][__main__][INFO] - No feature reduction (embedding) applied in this iteration
[2025-05-09 15:56:53,015][__main__][INFO] - The run time for iteration (split) 1 is: 343.0144519805908
[2025-05-09 15:56:53,018][__main__][INFO] - Begin processing iteration (split) 2 of 3
[2025-05-09 15:56:53,019][__main__][INFO] - Feature reduction (embedding) applied with pca
[2025-05-09 15:58:35,633][__main__][INFO] - Feature reduction (embedding) applied with nmf
[2025-05-09 16:00:16,958][__main__][INFO] - No feature reduction (embedding) applied in this iteration
[2025-05-09 16:02:34,071][__main__][INFO] - The run time for iteration (split) 2 is: 341.05552411079407
[2025-05-09 16:02:34,073][__main__][INFO] - Begin processing iteration (split) 3 of 3
[2025-05-09 16:02:34,074][__main__][INFO] - Feature reduction (embedding) applied with pca
[2025-05-09 16:04:15,387][__main__][INFO] - Feature reduction (embedding) applied with nmf
[2025-05-09 16:05:56,813][__main__][INFO] - No feature reduction (embedding) applied in this iteration
[2025-05-09 16:08:14,129][__main__][INFO] - The run time for iteration (split) 3 is: 340.0576059818268
[2025-05-09 16:08:14,129][__main__][INFO] - The total run time for data set spheres_data-1.csv is: 
1024.1777758598328
[2025-05-09 16:08:14,129][__main__][INFO] - Program has processed 2 out of 3 data sets
[2025-05-09 16:08:14,129][__main__][INFO] - Program has 1 data sets left to process
[2025-05-09 16:08:14,161][__main__][INFO] - Started processing data set spirals_data-2.csv
[2025-05-09 16:08:14,162][__main__][INFO] - Begin processing iteration (split) 1 of 3
[2025-05-09 16:08:14,163][__main__][INFO] - Feature reduction (embedding) applied with pca
[2025-05-09 16:08:51,514][__main__][INFO] - Feature reduction (embedding) applied with nmf
[2025-05-09 16:09:28,804][__main__][INFO] - No feature reduction (embedding) applied in this iteration
[2025-05-09 16:10:25,029][__main__][INFO] - The run time for iteration (split) 1 is: 130.86796712875366
[2025-05-09 16:10:25,031][__main__][INFO] - Begin processing iteration (split) 2 of 3
[2025-05-09 16:10:25,031][__main__][INFO] - Feature reduction (embedding) applied with pca
[2025-05-09 16:11:02,185][__main__][INFO] - Feature reduction (embedding) applied with nmf
[2025-05-09 16:11:39,008][__main__][INFO] - No feature reduction (embedding) applied in this iteration
[2025-05-09 16:12:35,175][__main__][INFO] - The run time for iteration (split) 2 is: 130.1452112197876
[2025-05-09 16:12:35,176][__main__][INFO] - Begin processing iteration (split) 3 of 3
[2025-05-09 16:12:35,177][__main__][INFO] - Feature reduction (embedding) applied with pca
[2025-05-09 16:13:12,449][__main__][INFO] - Feature reduction (embedding) applied with nmf
[2025-05-09 16:13:49,828][__main__][INFO] - No feature reduction (embedding) applied in this iteration
[2025-05-09 16:14:46,028][__main__][INFO] - The run time for iteration (split) 3 is: 130.85315108299255
[2025-05-09 16:14:46,028][__main__][INFO] - The total run time for data set spirals_data-2.csv is: 
391.898286819458
[2025-05-09 16:14:46,028][__main__][INFO] - Program has processed 3 out of 3 data sets
[2025-05-09 16:14:46,028][__main__][INFO] - Program has 0 data sets left to process
[2025-05-09 16:14:46,035][__main__][INFO] - 
The total run time of program is: 
2112.080060005188
